INFO - 2024-11-19 07:55:17 --> Session: Class initialized using 'CodeIgniter\Session\Handlers\FileHandler' driver.
INFO - 2024-11-19 07:55:17 --> Session: Class initialized using 'CodeIgniter\Session\Handlers\FileHandler' driver.
INFO - 2024-11-19 07:55:27 --> CSRF token verified.
INFO - 2024-11-19 07:55:27 --> Session: Class initialized using 'CodeIgniter\Session\Handlers\FileHandler' driver.
ERROR - 2024-11-19 07:57:35 --> mysqli_sql_exception: Table 'projek.meja' doesn't exist in C:\xampp\htdocs\aksesoris\system\Database\MySQLi\Connection.php:312
Stack trace:
#0 C:\xampp\htdocs\aksesoris\system\Database\MySQLi\Connection.php(312): mysqli->query('SELECT `pesanan...', 0)
#1 C:\xampp\htdocs\aksesoris\system\Database\BaseConnection.php(734): CodeIgniter\Database\MySQLi\Connection->execute('SELECT `pesanan...')
#2 C:\xampp\htdocs\aksesoris\system\Database\BaseConnection.php(648): CodeIgniter\Database\BaseConnection->simpleQuery('SELECT `pesanan...')
#3 C:\xampp\htdocs\aksesoris\system\Database\BaseBuilder.php(1644): CodeIgniter\Database\BaseConnection->query('SELECT `pesanan...', Array, false)
#4 C:\xampp\htdocs\aksesoris\system\Model.php(286): CodeIgniter\Database\BaseBuilder->get()
#5 C:\xampp\htdocs\aksesoris\system\BaseModel.php(676): CodeIgniter\Model->doFindAll(0, 0)
#6 C:\xampp\htdocs\aksesoris\app\Models\pesananModel.php(63): CodeIgniter\BaseModel->findAll()
#7 C:\xampp\htdocs\aksesoris\app\Controllers\PesananController.php(19): App\Models\PesananModel->getAllPesanan()
#8 C:\xampp\htdocs\aksesoris\system\CodeIgniter.php(933): App\Controllers\PesananController->index()
#9 C:\xampp\htdocs\aksesoris\system\CodeIgniter.php(509): CodeIgniter\CodeIgniter->runController(Object(App\Controllers\PesananController))
#10 C:\xampp\htdocs\aksesoris\system\CodeIgniter.php(355): CodeIgniter\CodeIgniter->handleRequest(NULL, Object(Config\Cache), false)
#11 C:\xampp\htdocs\aksesoris\system\Boot.php(325): CodeIgniter\CodeIgniter->run()
#12 C:\xampp\htdocs\aksesoris\system\Boot.php(67): CodeIgniter\Boot::runCodeIgniter(Object(CodeIgniter\CodeIgniter))
#13 C:\xampp\htdocs\aksesoris\public\index.php(56): CodeIgniter\Boot::bootWeb(Object(Config\Paths))
#14 C:\xampp\htdocs\aksesoris\system\rewrite.php(44): require_once('C:\\xampp\\htdocs...')
#15 {main}
CRITICAL - 2024-11-19 07:57:35 --> CodeIgniter\Database\Exceptions\DatabaseException: Table 'projek.meja' doesn't exist
[Method: GET, Route: pesanan]
in SYSTEMPATH\Database\BaseConnection.php on line 688.
 1 SYSTEMPATH\Database\BaseBuilder.php(1644): CodeIgniter\Database\BaseConnection->query('SELECT `pesanan`.`id` as `pesanan_id`, `pesanan`.`waktu_pesanan`, `pesanan`.`total`, `pelanggan`.`nama`, `meja`.`nomor_meja`, `pesanan`.`status`
FROM `pesanan`
JOIN `pelanggan` ON `pelanggan`.`id` = `pesanan`.`pelanggan_id`
JOIN `meja` ON `meja`.`id` = `pesanan`.`meja_id`', [], false)
 2 SYSTEMPATH\Model.php(286): CodeIgniter\Database\BaseBuilder->get()
 3 SYSTEMPATH\BaseModel.php(676): CodeIgniter\Model->doFindAll(0, 0)
 4 APPPATH\Models\pesananModel.php(63): CodeIgniter\BaseModel->findAll()
 5 APPPATH\Controllers\PesananController.php(19): App\Models\PesananModel->getAllPesanan()
 6 SYSTEMPATH\CodeIgniter.php(933): App\Controllers\PesananController->index()
 7 SYSTEMPATH\CodeIgniter.php(509): CodeIgniter\CodeIgniter->runController(Object(App\Controllers\PesananController))
 8 SYSTEMPATH\CodeIgniter.php(355): CodeIgniter\CodeIgniter->handleRequest(null, Object(Config\Cache), false)
 9 SYSTEMPATH\Boot.php(325): CodeIgniter\CodeIgniter->run()
10 SYSTEMPATH\Boot.php(67): CodeIgniter\Boot::runCodeIgniter(Object(CodeIgniter\CodeIgniter))
11 FCPATH\index.php(56): CodeIgniter\Boot::bootWeb(Object(Config\Paths))
12 SYSTEMPATH\rewrite.php(44): require_once('C:\\xampp\\htdocs\\aksesoris\\public\\index.php')
CRITICAL - 2024-11-19 07:57:35 --> [Caused by] CodeIgniter\Database\Exceptions\DatabaseException: Table 'projek.meja' doesn't exist
in SYSTEMPATH\Database\MySQLi\Connection.php on line 317.
 1 SYSTEMPATH\Database\BaseConnection.php(734): CodeIgniter\Database\MySQLi\Connection->execute('SELECT `pesanan`.`id` as `pesanan_id`, `pesanan`.`waktu_pesanan`, `pesanan`.`total`, `pelanggan`.`nama`, `meja`.`nomor_meja`, `pesanan`.`status`
FROM `pesanan`
JOIN `pelanggan` ON `pelanggan`.`id` = `pesanan`.`pelanggan_id`
JOIN `meja` ON `meja`.`id` = `pesanan`.`meja_id`')
 2 SYSTEMPATH\Database\BaseConnection.php(648): CodeIgniter\Database\BaseConnection->simpleQuery('SELECT `pesanan`.`id` as `pesanan_id`, `pesanan`.`waktu_pesanan`, `pesanan`.`total`, `pelanggan`.`nama`, `meja`.`nomor_meja`, `pesanan`.`status`
FROM `pesanan`
JOIN `pelanggan` ON `pelanggan`.`id` = `pesanan`.`pelanggan_id`
JOIN `meja` ON `meja`.`id` = `pesanan`.`meja_id`')
 3 SYSTEMPATH\Database\BaseBuilder.php(1644): CodeIgniter\Database\BaseConnection->query('SELECT `pesanan`.`id` as `pesanan_id`, `pesanan`.`waktu_pesanan`, `pesanan`.`total`, `pelanggan`.`nama`, `meja`.`nomor_meja`, `pesanan`.`status`
FROM `pesanan`
JOIN `pelanggan` ON `pelanggan`.`id` = `pesanan`.`pelanggan_id`
JOIN `meja` ON `meja`.`id` = `pesanan`.`meja_id`', [], false)
 4 SYSTEMPATH\Model.php(286): CodeIgniter\Database\BaseBuilder->get()
 5 SYSTEMPATH\BaseModel.php(676): CodeIgniter\Model->doFindAll(0, 0)
 6 APPPATH\Models\pesananModel.php(63): CodeIgniter\BaseModel->findAll()
 7 APPPATH\Controllers\PesananController.php(19): App\Models\PesananModel->getAllPesanan()
 8 SYSTEMPATH\CodeIgniter.php(933): App\Controllers\PesananController->index()
 9 SYSTEMPATH\CodeIgniter.php(509): CodeIgniter\CodeIgniter->runController(Object(App\Controllers\PesananController))
10 SYSTEMPATH\CodeIgniter.php(355): CodeIgniter\CodeIgniter->handleRequest(null, Object(Config\Cache), false)
11 SYSTEMPATH\Boot.php(325): CodeIgniter\CodeIgniter->run()
12 SYSTEMPATH\Boot.php(67): CodeIgniter\Boot::runCodeIgniter(Object(CodeIgniter\CodeIgniter))
13 FCPATH\index.php(56): CodeIgniter\Boot::bootWeb(Object(Config\Paths))
14 SYSTEMPATH\rewrite.php(44): require_once('C:\\xampp\\htdocs\\aksesoris\\public\\index.php')
CRITICAL - 2024-11-19 07:57:35 --> [Caused by] mysqli_sql_exception: Table 'projek.meja' doesn't exist
in SYSTEMPATH\Database\MySQLi\Connection.php on line 312.
 1 SYSTEMPATH\Database\MySQLi\Connection.php(312): mysqli->query('SELECT `pesanan`.`id` as `pesanan_id`, `pesanan`.`waktu_pesanan`, `pesanan`.`total`, `pelanggan`.`nama`, `meja`.`nomor_meja`, `pesanan`.`status`
FROM `pesanan`
JOIN `pelanggan` ON `pelanggan`.`id` = `pesanan`.`pelanggan_id`
JOIN `meja` ON `meja`.`id` = `pesanan`.`meja_id`', 0)
 2 SYSTEMPATH\Database\BaseConnection.php(734): CodeIgniter\Database\MySQLi\Connection->execute('SELECT `pesanan`.`id` as `pesanan_id`, `pesanan`.`waktu_pesanan`, `pesanan`.`total`, `pelanggan`.`nama`, `meja`.`nomor_meja`, `pesanan`.`status`
FROM `pesanan`
JOIN `pelanggan` ON `pelanggan`.`id` = `pesanan`.`pelanggan_id`
JOIN `meja` ON `meja`.`id` = `pesanan`.`meja_id`')
 3 SYSTEMPATH\Database\BaseConnection.php(648): CodeIgniter\Database\BaseConnection->simpleQuery('SELECT `pesanan`.`id` as `pesanan_id`, `pesanan`.`waktu_pesanan`, `pesanan`.`total`, `pelanggan`.`nama`, `meja`.`nomor_meja`, `pesanan`.`status`
FROM `pesanan`
JOIN `pelanggan` ON `pelanggan`.`id` = `pesanan`.`pelanggan_id`
JOIN `meja` ON `meja`.`id` = `pesanan`.`meja_id`')
 4 SYSTEMPATH\Database\BaseBuilder.php(1644): CodeIgniter\Database\BaseConnection->query('SELECT `pesanan`.`id` as `pesanan_id`, `pesanan`.`waktu_pesanan`, `pesanan`.`total`, `pelanggan`.`nama`, `meja`.`nomor_meja`, `pesanan`.`status`
FROM `pesanan`
JOIN `pelanggan` ON `pelanggan`.`id` = `pesanan`.`pelanggan_id`
JOIN `meja` ON `meja`.`id` = `pesanan`.`meja_id`', [], false)
 5 SYSTEMPATH\Model.php(286): CodeIgniter\Database\BaseBuilder->get()
 6 SYSTEMPATH\BaseModel.php(676): CodeIgniter\Model->doFindAll(0, 0)
 7 APPPATH\Models\pesananModel.php(63): CodeIgniter\BaseModel->findAll()
 8 APPPATH\Controllers\PesananController.php(19): App\Models\PesananModel->getAllPesanan()
 9 SYSTEMPATH\CodeIgniter.php(933): App\Controllers\PesananController->index()
10 SYSTEMPATH\CodeIgniter.php(509): CodeIgniter\CodeIgniter->runController(Object(App\Controllers\PesananController))
11 SYSTEMPATH\CodeIgniter.php(355): CodeIgniter\CodeIgniter->handleRequest(null, Object(Config\Cache), false)
12 SYSTEMPATH\Boot.php(325): CodeIgniter\CodeIgniter->run()
13 SYSTEMPATH\Boot.php(67): CodeIgniter\Boot::runCodeIgniter(Object(CodeIgniter\CodeIgniter))
14 FCPATH\index.php(56): CodeIgniter\Boot::bootWeb(Object(Config\Paths))
15 SYSTEMPATH\rewrite.php(44): require_once('C:\\xampp\\htdocs\\aksesoris\\public\\index.php')
ERROR - 2024-11-19 08:10:52 --> mysqli_sql_exception: Table 'projek.meja' doesn't exist in C:\xampp\htdocs\aksesoris\system\Database\MySQLi\Connection.php:312
Stack trace:
#0 C:\xampp\htdocs\aksesoris\system\Database\MySQLi\Connection.php(312): mysqli->query('SELECT `pesanan...', 0)
#1 C:\xampp\htdocs\aksesoris\system\Database\BaseConnection.php(734): CodeIgniter\Database\MySQLi\Connection->execute('SELECT `pesanan...')
#2 C:\xampp\htdocs\aksesoris\system\Database\BaseConnection.php(648): CodeIgniter\Database\BaseConnection->simpleQuery('SELECT `pesanan...')
#3 C:\xampp\htdocs\aksesoris\system\Database\BaseBuilder.php(1644): CodeIgniter\Database\BaseConnection->query('SELECT `pesanan...', Array, false)
#4 C:\xampp\htdocs\aksesoris\system\Model.php(286): CodeIgniter\Database\BaseBuilder->get()
#5 C:\xampp\htdocs\aksesoris\system\BaseModel.php(676): CodeIgniter\Model->doFindAll(0, 0)
#6 C:\xampp\htdocs\aksesoris\app\Models\pesananModel.php(63): CodeIgniter\BaseModel->findAll()
#7 C:\xampp\htdocs\aksesoris\app\Controllers\PesananController.php(19): App\Models\PesananModel->getAllPesanan()
#8 C:\xampp\htdocs\aksesoris\system\CodeIgniter.php(933): App\Controllers\PesananController->index()
#9 C:\xampp\htdocs\aksesoris\system\CodeIgniter.php(509): CodeIgniter\CodeIgniter->runController(Object(App\Controllers\PesananController))
#10 C:\xampp\htdocs\aksesoris\system\CodeIgniter.php(355): CodeIgniter\CodeIgniter->handleRequest(NULL, Object(Config\Cache), false)
#11 C:\xampp\htdocs\aksesoris\system\Boot.php(325): CodeIgniter\CodeIgniter->run()
#12 C:\xampp\htdocs\aksesoris\system\Boot.php(67): CodeIgniter\Boot::runCodeIgniter(Object(CodeIgniter\CodeIgniter))
#13 C:\xampp\htdocs\aksesoris\public\index.php(56): CodeIgniter\Boot::bootWeb(Object(Config\Paths))
#14 C:\xampp\htdocs\aksesoris\system\rewrite.php(44): require_once('C:\\xampp\\htdocs...')
#15 {main}
CRITICAL - 2024-11-19 08:10:52 --> CodeIgniter\Database\Exceptions\DatabaseException: Table 'projek.meja' doesn't exist
[Method: GET, Route: pesanan]
in SYSTEMPATH\Database\BaseConnection.php on line 688.
 1 SYSTEMPATH\Database\BaseBuilder.php(1644): CodeIgniter\Database\BaseConnection->query('SELECT `pesanan`.`id` as `pesanan_id`, `pesanan`.`waktu_pesanan`, `pesanan`.`total`, `pelanggan`.`nama`, `meja`.`nomor_meja`, `pesanan`.`status`
FROM `pesanan`
JOIN `pelanggan` ON `pelanggan`.`id` = `pesanan`.`pelanggan_id`
JOIN `meja` ON `meja`.`id` = `pesanan`.`meja_id`', [], false)
 2 SYSTEMPATH\Model.php(286): CodeIgniter\Database\BaseBuilder->get()
 3 SYSTEMPATH\BaseModel.php(676): CodeIgniter\Model->doFindAll(0, 0)
 4 APPPATH\Models\pesananModel.php(63): CodeIgniter\BaseModel->findAll()
 5 APPPATH\Controllers\PesananController.php(19): App\Models\PesananModel->getAllPesanan()
 6 SYSTEMPATH\CodeIgniter.php(933): App\Controllers\PesananController->index()
 7 SYSTEMPATH\CodeIgniter.php(509): CodeIgniter\CodeIgniter->runController(Object(App\Controllers\PesananController))
 8 SYSTEMPATH\CodeIgniter.php(355): CodeIgniter\CodeIgniter->handleRequest(null, Object(Config\Cache), false)
 9 SYSTEMPATH\Boot.php(325): CodeIgniter\CodeIgniter->run()
10 SYSTEMPATH\Boot.php(67): CodeIgniter\Boot::runCodeIgniter(Object(CodeIgniter\CodeIgniter))
11 FCPATH\index.php(56): CodeIgniter\Boot::bootWeb(Object(Config\Paths))
12 SYSTEMPATH\rewrite.php(44): require_once('C:\\xampp\\htdocs\\aksesoris\\public\\index.php')
CRITICAL - 2024-11-19 08:10:52 --> [Caused by] CodeIgniter\Database\Exceptions\DatabaseException: Table 'projek.meja' doesn't exist
in SYSTEMPATH\Database\MySQLi\Connection.php on line 317.
 1 SYSTEMPATH\Database\BaseConnection.php(734): CodeIgniter\Database\MySQLi\Connection->execute('SELECT `pesanan`.`id` as `pesanan_id`, `pesanan`.`waktu_pesanan`, `pesanan`.`total`, `pelanggan`.`nama`, `meja`.`nomor_meja`, `pesanan`.`status`
FROM `pesanan`
JOIN `pelanggan` ON `pelanggan`.`id` = `pesanan`.`pelanggan_id`
JOIN `meja` ON `meja`.`id` = `pesanan`.`meja_id`')
 2 SYSTEMPATH\Database\BaseConnection.php(648): CodeIgniter\Database\BaseConnection->simpleQuery('SELECT `pesanan`.`id` as `pesanan_id`, `pesanan`.`waktu_pesanan`, `pesanan`.`total`, `pelanggan`.`nama`, `meja`.`nomor_meja`, `pesanan`.`status`
FROM `pesanan`
JOIN `pelanggan` ON `pelanggan`.`id` = `pesanan`.`pelanggan_id`
JOIN `meja` ON `meja`.`id` = `pesanan`.`meja_id`')
 3 SYSTEMPATH\Database\BaseBuilder.php(1644): CodeIgniter\Database\BaseConnection->query('SELECT `pesanan`.`id` as `pesanan_id`, `pesanan`.`waktu_pesanan`, `pesanan`.`total`, `pelanggan`.`nama`, `meja`.`nomor_meja`, `pesanan`.`status`
FROM `pesanan`
JOIN `pelanggan` ON `pelanggan`.`id` = `pesanan`.`pelanggan_id`
JOIN `meja` ON `meja`.`id` = `pesanan`.`meja_id`', [], false)
 4 SYSTEMPATH\Model.php(286): CodeIgniter\Database\BaseBuilder->get()
 5 SYSTEMPATH\BaseModel.php(676): CodeIgniter\Model->doFindAll(0, 0)
 6 APPPATH\Models\pesananModel.php(63): CodeIgniter\BaseModel->findAll()
 7 APPPATH\Controllers\PesananController.php(19): App\Models\PesananModel->getAllPesanan()
 8 SYSTEMPATH\CodeIgniter.php(933): App\Controllers\PesananController->index()
 9 SYSTEMPATH\CodeIgniter.php(509): CodeIgniter\CodeIgniter->runController(Object(App\Controllers\PesananController))
10 SYSTEMPATH\CodeIgniter.php(355): CodeIgniter\CodeIgniter->handleRequest(null, Object(Config\Cache), false)
11 SYSTEMPATH\Boot.php(325): CodeIgniter\CodeIgniter->run()
12 SYSTEMPATH\Boot.php(67): CodeIgniter\Boot::runCodeIgniter(Object(CodeIgniter\CodeIgniter))
13 FCPATH\index.php(56): CodeIgniter\Boot::bootWeb(Object(Config\Paths))
14 SYSTEMPATH\rewrite.php(44): require_once('C:\\xampp\\htdocs\\aksesoris\\public\\index.php')
CRITICAL - 2024-11-19 08:10:52 --> [Caused by] mysqli_sql_exception: Table 'projek.meja' doesn't exist
in SYSTEMPATH\Database\MySQLi\Connection.php on line 312.
 1 SYSTEMPATH\Database\MySQLi\Connection.php(312): mysqli->query('SELECT `pesanan`.`id` as `pesanan_id`, `pesanan`.`waktu_pesanan`, `pesanan`.`total`, `pelanggan`.`nama`, `meja`.`nomor_meja`, `pesanan`.`status`
FROM `pesanan`
JOIN `pelanggan` ON `pelanggan`.`id` = `pesanan`.`pelanggan_id`
JOIN `meja` ON `meja`.`id` = `pesanan`.`meja_id`', 0)
 2 SYSTEMPATH\Database\BaseConnection.php(734): CodeIgniter\Database\MySQLi\Connection->execute('SELECT `pesanan`.`id` as `pesanan_id`, `pesanan`.`waktu_pesanan`, `pesanan`.`total`, `pelanggan`.`nama`, `meja`.`nomor_meja`, `pesanan`.`status`
FROM `pesanan`
JOIN `pelanggan` ON `pelanggan`.`id` = `pesanan`.`pelanggan_id`
JOIN `meja` ON `meja`.`id` = `pesanan`.`meja_id`')
 3 SYSTEMPATH\Database\BaseConnection.php(648): CodeIgniter\Database\BaseConnection->simpleQuery('SELECT `pesanan`.`id` as `pesanan_id`, `pesanan`.`waktu_pesanan`, `pesanan`.`total`, `pelanggan`.`nama`, `meja`.`nomor_meja`, `pesanan`.`status`
FROM `pesanan`
JOIN `pelanggan` ON `pelanggan`.`id` = `pesanan`.`pelanggan_id`
JOIN `meja` ON `meja`.`id` = `pesanan`.`meja_id`')
 4 SYSTEMPATH\Database\BaseBuilder.php(1644): CodeIgniter\Database\BaseConnection->query('SELECT `pesanan`.`id` as `pesanan_id`, `pesanan`.`waktu_pesanan`, `pesanan`.`total`, `pelanggan`.`nama`, `meja`.`nomor_meja`, `pesanan`.`status`
FROM `pesanan`
JOIN `pelanggan` ON `pelanggan`.`id` = `pesanan`.`pelanggan_id`
JOIN `meja` ON `meja`.`id` = `pesanan`.`meja_id`', [], false)
 5 SYSTEMPATH\Model.php(286): CodeIgniter\Database\BaseBuilder->get()
 6 SYSTEMPATH\BaseModel.php(676): CodeIgniter\Model->doFindAll(0, 0)
 7 APPPATH\Models\pesananModel.php(63): CodeIgniter\BaseModel->findAll()
 8 APPPATH\Controllers\PesananController.php(19): App\Models\PesananModel->getAllPesanan()
 9 SYSTEMPATH\CodeIgniter.php(933): App\Controllers\PesananController->index()
10 SYSTEMPATH\CodeIgniter.php(509): CodeIgniter\CodeIgniter->runController(Object(App\Controllers\PesananController))
11 SYSTEMPATH\CodeIgniter.php(355): CodeIgniter\CodeIgniter->handleRequest(null, Object(Config\Cache), false)
12 SYSTEMPATH\Boot.php(325): CodeIgniter\CodeIgniter->run()
13 SYSTEMPATH\Boot.php(67): CodeIgniter\Boot::runCodeIgniter(Object(CodeIgniter\CodeIgniter))
14 FCPATH\index.php(56): CodeIgniter\Boot::bootWeb(Object(Config\Paths))
15 SYSTEMPATH\rewrite.php(44): require_once('C:\\xampp\\htdocs\\aksesoris\\public\\index.php')
ERROR - 2024-11-19 08:11:40 --> mysqli_sql_exception: Table 'projek.meja' doesn't exist in C:\xampp\htdocs\aksesoris\system\Database\MySQLi\Connection.php:312
Stack trace:
#0 C:\xampp\htdocs\aksesoris\system\Database\MySQLi\Connection.php(312): mysqli->query('SELECT `pesanan...', 0)
#1 C:\xampp\htdocs\aksesoris\system\Database\BaseConnection.php(734): CodeIgniter\Database\MySQLi\Connection->execute('SELECT `pesanan...')
#2 C:\xampp\htdocs\aksesoris\system\Database\BaseConnection.php(648): CodeIgniter\Database\BaseConnection->simpleQuery('SELECT `pesanan...')
#3 C:\xampp\htdocs\aksesoris\system\Database\BaseBuilder.php(1644): CodeIgniter\Database\BaseConnection->query('SELECT `pesanan...', Array, false)
#4 C:\xampp\htdocs\aksesoris\system\Model.php(286): CodeIgniter\Database\BaseBuilder->get()
#5 C:\xampp\htdocs\aksesoris\system\BaseModel.php(676): CodeIgniter\Model->doFindAll(0, 0)
#6 C:\xampp\htdocs\aksesoris\app\Models\pesananModel.php(63): CodeIgniter\BaseModel->findAll()
#7 C:\xampp\htdocs\aksesoris\app\Controllers\PesananController.php(19): App\Models\PesananModel->getAllPesanan()
#8 C:\xampp\htdocs\aksesoris\system\CodeIgniter.php(933): App\Controllers\PesananController->index()
#9 C:\xampp\htdocs\aksesoris\system\CodeIgniter.php(509): CodeIgniter\CodeIgniter->runController(Object(App\Controllers\PesananController))
#10 C:\xampp\htdocs\aksesoris\system\CodeIgniter.php(355): CodeIgniter\CodeIgniter->handleRequest(NULL, Object(Config\Cache), false)
#11 C:\xampp\htdocs\aksesoris\system\Boot.php(325): CodeIgniter\CodeIgniter->run()
#12 C:\xampp\htdocs\aksesoris\system\Boot.php(67): CodeIgniter\Boot::runCodeIgniter(Object(CodeIgniter\CodeIgniter))
#13 C:\xampp\htdocs\aksesoris\public\index.php(56): CodeIgniter\Boot::bootWeb(Object(Config\Paths))
#14 C:\xampp\htdocs\aksesoris\system\rewrite.php(44): require_once('C:\\xampp\\htdocs...')
#15 {main}
CRITICAL - 2024-11-19 08:11:40 --> CodeIgniter\Database\Exceptions\DatabaseException: Table 'projek.meja' doesn't exist
[Method: GET, Route: pesanan]
in SYSTEMPATH\Database\BaseConnection.php on line 688.
 1 SYSTEMPATH\Database\BaseBuilder.php(1644): CodeIgniter\Database\BaseConnection->query('SELECT `pesanan`.`id` as `pesanan_id`, `pesanan`.`waktu_pesanan`, `pesanan`.`total`, `pelanggan`.`nama`, `meja`.`nomor_meja`, `pesanan`.`status`
FROM `pesanan`
JOIN `pelanggan` ON `pelanggan`.`id` = `pesanan`.`pelanggan_id`
JOIN `meja` ON `meja`.`id` = `pesanan`.`meja_id`', [], false)
 2 SYSTEMPATH\Model.php(286): CodeIgniter\Database\BaseBuilder->get()
 3 SYSTEMPATH\BaseModel.php(676): CodeIgniter\Model->doFindAll(0, 0)
 4 APPPATH\Models\pesananModel.php(63): CodeIgniter\BaseModel->findAll()
 5 APPPATH\Controllers\PesananController.php(19): App\Models\PesananModel->getAllPesanan()
 6 SYSTEMPATH\CodeIgniter.php(933): App\Controllers\PesananController->index()
 7 SYSTEMPATH\CodeIgniter.php(509): CodeIgniter\CodeIgniter->runController(Object(App\Controllers\PesananController))
 8 SYSTEMPATH\CodeIgniter.php(355): CodeIgniter\CodeIgniter->handleRequest(null, Object(Config\Cache), false)
 9 SYSTEMPATH\Boot.php(325): CodeIgniter\CodeIgniter->run()
10 SYSTEMPATH\Boot.php(67): CodeIgniter\Boot::runCodeIgniter(Object(CodeIgniter\CodeIgniter))
11 FCPATH\index.php(56): CodeIgniter\Boot::bootWeb(Object(Config\Paths))
12 SYSTEMPATH\rewrite.php(44): require_once('C:\\xampp\\htdocs\\aksesoris\\public\\index.php')
CRITICAL - 2024-11-19 08:11:40 --> [Caused by] CodeIgniter\Database\Exceptions\DatabaseException: Table 'projek.meja' doesn't exist
in SYSTEMPATH\Database\MySQLi\Connection.php on line 317.
 1 SYSTEMPATH\Database\BaseConnection.php(734): CodeIgniter\Database\MySQLi\Connection->execute('SELECT `pesanan`.`id` as `pesanan_id`, `pesanan`.`waktu_pesanan`, `pesanan`.`total`, `pelanggan`.`nama`, `meja`.`nomor_meja`, `pesanan`.`status`
FROM `pesanan`
JOIN `pelanggan` ON `pelanggan`.`id` = `pesanan`.`pelanggan_id`
JOIN `meja` ON `meja`.`id` = `pesanan`.`meja_id`')
 2 SYSTEMPATH\Database\BaseConnection.php(648): CodeIgniter\Database\BaseConnection->simpleQuery('SELECT `pesanan`.`id` as `pesanan_id`, `pesanan`.`waktu_pesanan`, `pesanan`.`total`, `pelanggan`.`nama`, `meja`.`nomor_meja`, `pesanan`.`status`
FROM `pesanan`
JOIN `pelanggan` ON `pelanggan`.`id` = `pesanan`.`pelanggan_id`
JOIN `meja` ON `meja`.`id` = `pesanan`.`meja_id`')
 3 SYSTEMPATH\Database\BaseBuilder.php(1644): CodeIgniter\Database\BaseConnection->query('SELECT `pesanan`.`id` as `pesanan_id`, `pesanan`.`waktu_pesanan`, `pesanan`.`total`, `pelanggan`.`nama`, `meja`.`nomor_meja`, `pesanan`.`status`
FROM `pesanan`
JOIN `pelanggan` ON `pelanggan`.`id` = `pesanan`.`pelanggan_id`
JOIN `meja` ON `meja`.`id` = `pesanan`.`meja_id`', [], false)
 4 SYSTEMPATH\Model.php(286): CodeIgniter\Database\BaseBuilder->get()
 5 SYSTEMPATH\BaseModel.php(676): CodeIgniter\Model->doFindAll(0, 0)
 6 APPPATH\Models\pesananModel.php(63): CodeIgniter\BaseModel->findAll()
 7 APPPATH\Controllers\PesananController.php(19): App\Models\PesananModel->getAllPesanan()
 8 SYSTEMPATH\CodeIgniter.php(933): App\Controllers\PesananController->index()
 9 SYSTEMPATH\CodeIgniter.php(509): CodeIgniter\CodeIgniter->runController(Object(App\Controllers\PesananController))
10 SYSTEMPATH\CodeIgniter.php(355): CodeIgniter\CodeIgniter->handleRequest(null, Object(Config\Cache), false)
11 SYSTEMPATH\Boot.php(325): CodeIgniter\CodeIgniter->run()
12 SYSTEMPATH\Boot.php(67): CodeIgniter\Boot::runCodeIgniter(Object(CodeIgniter\CodeIgniter))
13 FCPATH\index.php(56): CodeIgniter\Boot::bootWeb(Object(Config\Paths))
14 SYSTEMPATH\rewrite.php(44): require_once('C:\\xampp\\htdocs\\aksesoris\\public\\index.php')
CRITICAL - 2024-11-19 08:11:40 --> [Caused by] mysqli_sql_exception: Table 'projek.meja' doesn't exist
in SYSTEMPATH\Database\MySQLi\Connection.php on line 312.
 1 SYSTEMPATH\Database\MySQLi\Connection.php(312): mysqli->query('SELECT `pesanan`.`id` as `pesanan_id`, `pesanan`.`waktu_pesanan`, `pesanan`.`total`, `pelanggan`.`nama`, `meja`.`nomor_meja`, `pesanan`.`status`
FROM `pesanan`
JOIN `pelanggan` ON `pelanggan`.`id` = `pesanan`.`pelanggan_id`
JOIN `meja` ON `meja`.`id` = `pesanan`.`meja_id`', 0)
 2 SYSTEMPATH\Database\BaseConnection.php(734): CodeIgniter\Database\MySQLi\Connection->execute('SELECT `pesanan`.`id` as `pesanan_id`, `pesanan`.`waktu_pesanan`, `pesanan`.`total`, `pelanggan`.`nama`, `meja`.`nomor_meja`, `pesanan`.`status`
FROM `pesanan`
JOIN `pelanggan` ON `pelanggan`.`id` = `pesanan`.`pelanggan_id`
JOIN `meja` ON `meja`.`id` = `pesanan`.`meja_id`')
 3 SYSTEMPATH\Database\BaseConnection.php(648): CodeIgniter\Database\BaseConnection->simpleQuery('SELECT `pesanan`.`id` as `pesanan_id`, `pesanan`.`waktu_pesanan`, `pesanan`.`total`, `pelanggan`.`nama`, `meja`.`nomor_meja`, `pesanan`.`status`
FROM `pesanan`
JOIN `pelanggan` ON `pelanggan`.`id` = `pesanan`.`pelanggan_id`
JOIN `meja` ON `meja`.`id` = `pesanan`.`meja_id`')
 4 SYSTEMPATH\Database\BaseBuilder.php(1644): CodeIgniter\Database\BaseConnection->query('SELECT `pesanan`.`id` as `pesanan_id`, `pesanan`.`waktu_pesanan`, `pesanan`.`total`, `pelanggan`.`nama`, `meja`.`nomor_meja`, `pesanan`.`status`
FROM `pesanan`
JOIN `pelanggan` ON `pelanggan`.`id` = `pesanan`.`pelanggan_id`
JOIN `meja` ON `meja`.`id` = `pesanan`.`meja_id`', [], false)
 5 SYSTEMPATH\Model.php(286): CodeIgniter\Database\BaseBuilder->get()
 6 SYSTEMPATH\BaseModel.php(676): CodeIgniter\Model->doFindAll(0, 0)
 7 APPPATH\Models\pesananModel.php(63): CodeIgniter\BaseModel->findAll()
 8 APPPATH\Controllers\PesananController.php(19): App\Models\PesananModel->getAllPesanan()
 9 SYSTEMPATH\CodeIgniter.php(933): App\Controllers\PesananController->index()
10 SYSTEMPATH\CodeIgniter.php(509): CodeIgniter\CodeIgniter->runController(Object(App\Controllers\PesananController))
11 SYSTEMPATH\CodeIgniter.php(355): CodeIgniter\CodeIgniter->handleRequest(null, Object(Config\Cache), false)
12 SYSTEMPATH\Boot.php(325): CodeIgniter\CodeIgniter->run()
13 SYSTEMPATH\Boot.php(67): CodeIgniter\Boot::runCodeIgniter(Object(CodeIgniter\CodeIgniter))
14 FCPATH\index.php(56): CodeIgniter\Boot::bootWeb(Object(Config\Paths))
15 SYSTEMPATH\rewrite.php(44): require_once('C:\\xampp\\htdocs\\aksesoris\\public\\index.php')
