INFO - 2024-11-16 08:30:34 --> Session: Class initialized using 'CodeIgniter\Session\Handlers\FileHandler' driver.
INFO - 2024-11-16 08:30:34 --> Session: Class initialized using 'CodeIgniter\Session\Handlers\FileHandler' driver.
INFO - 2024-11-16 08:30:38 --> Session: Class initialized using 'CodeIgniter\Session\Handlers\FileHandler' driver.
INFO - 2024-11-16 08:30:58 --> CSRF token verified.
ERROR - 2024-11-16 08:30:58 --> mysqli_sql_exception: Table 'aksesoris.users' doesn't exist in C:\xampp\htdocs\aksesoris\system\Database\MySQLi\Connection.php:312
Stack trace:
#0 C:\xampp\htdocs\aksesoris\system\Database\MySQLi\Connection.php(312): mysqli->query('INSERT INTO `us...', 0)
#1 C:\xampp\htdocs\aksesoris\system\Database\BaseConnection.php(734): CodeIgniter\Database\MySQLi\Connection->execute('INSERT INTO `us...')
#2 C:\xampp\htdocs\aksesoris\system\Database\BaseConnection.php(648): CodeIgniter\Database\BaseConnection->simpleQuery('INSERT INTO `us...')
#3 C:\xampp\htdocs\aksesoris\system\Database\BaseBuilder.php(2340): CodeIgniter\Database\BaseConnection->query('INSERT INTO `us...', Array, false)
#4 C:\xampp\htdocs\aksesoris\system\Model.php(394): CodeIgniter\Database\BaseBuilder->insert()
#5 C:\xampp\htdocs\aksesoris\system\BaseModel.php(840): CodeIgniter\Model->doInsert(Array)
#6 C:\xampp\htdocs\aksesoris\system\Model.php(802): CodeIgniter\BaseModel->insert(Array, false)
#7 C:\xampp\htdocs\aksesoris\system\BaseModel.php(751): CodeIgniter\Model->insert(Array, false)
#8 C:\xampp\htdocs\aksesoris\app\Controllers\AuthController.php(31): CodeIgniter\BaseModel->save(Array)
#9 C:\xampp\htdocs\aksesoris\system\CodeIgniter.php(933): App\Controllers\AuthController->storeRegister()
#10 C:\xampp\htdocs\aksesoris\system\CodeIgniter.php(509): CodeIgniter\CodeIgniter->runController(Object(App\Controllers\AuthController))
#11 C:\xampp\htdocs\aksesoris\system\CodeIgniter.php(355): CodeIgniter\CodeIgniter->handleRequest(NULL, Object(Config\Cache), false)
#12 C:\xampp\htdocs\aksesoris\system\Boot.php(325): CodeIgniter\CodeIgniter->run()
#13 C:\xampp\htdocs\aksesoris\system\Boot.php(67): CodeIgniter\Boot::runCodeIgniter(Object(CodeIgniter\CodeIgniter))
#14 C:\xampp\htdocs\aksesoris\public\index.php(56): CodeIgniter\Boot::bootWeb(Object(Config\Paths))
#15 C:\xampp\htdocs\aksesoris\system\rewrite.php(44): require_once('C:\\xampp\\htdocs...')
#16 {main}
CRITICAL - 2024-11-16 08:30:58 --> CodeIgniter\Database\Exceptions\DatabaseException: Table 'aksesoris.users' doesn't exist
[Method: POST, Route: register]
in SYSTEMPATH\Database\BaseConnection.php on line 688.
 1 SYSTEMPATH\Database\BaseBuilder.php(2340): CodeIgniter\Database\BaseConnection->query('INSERT INTO `users` (`username`, `email`, `password`, `created_at`) VALUES (:username:, :email:, :password:, :created_at:)', [...], false)
 2 SYSTEMPATH\Model.php(394): CodeIgniter\Database\BaseBuilder->insert()
 3 SYSTEMPATH\BaseModel.php(840): CodeIgniter\Model->doInsert([...])
 4 SYSTEMPATH\Model.php(802): CodeIgniter\BaseModel->insert([...], false)
 5 SYSTEMPATH\BaseModel.php(751): CodeIgniter\Model->insert([...], false)
 6 APPPATH\Controllers\AuthController.php(31): CodeIgniter\BaseModel->save([...])
 7 SYSTEMPATH\CodeIgniter.php(933): App\Controllers\AuthController->storeRegister()
 8 SYSTEMPATH\CodeIgniter.php(509): CodeIgniter\CodeIgniter->runController(Object(App\Controllers\AuthController))
 9 SYSTEMPATH\CodeIgniter.php(355): CodeIgniter\CodeIgniter->handleRequest(null, Object(Config\Cache), false)
10 SYSTEMPATH\Boot.php(325): CodeIgniter\CodeIgniter->run()
11 SYSTEMPATH\Boot.php(67): CodeIgniter\Boot::runCodeIgniter(Object(CodeIgniter\CodeIgniter))
12 FCPATH\index.php(56): CodeIgniter\Boot::bootWeb(Object(Config\Paths))
13 SYSTEMPATH\rewrite.php(44): require_once('C:\\xampp\\htdocs\\aksesoris\\public\\index.php')
CRITICAL - 2024-11-16 08:30:58 --> [Caused by] CodeIgniter\Database\Exceptions\DatabaseException: Table 'aksesoris.users' doesn't exist
in SYSTEMPATH\Database\MySQLi\Connection.php on line 317.
 1 SYSTEMPATH\Database\BaseConnection.php(734): CodeIgniter\Database\MySQLi\Connection->execute('INSERT INTO `users` (`username`, `email`, `password`, `created_at`) VALUES (\'gina\', \'gina@gmail.com\', \'$2y$10$wPCeSB6krWqHd4ukG92eSeok4Xntasaw/aCOVqIaJq23L7s1.5LbO\', \'2024-11-16 08:30:58\')')
 2 SYSTEMPATH\Database\BaseConnection.php(648): CodeIgniter\Database\BaseConnection->simpleQuery('INSERT INTO `users` (`username`, `email`, `password`, `created_at`) VALUES (\'gina\', \'gina@gmail.com\', \'$2y$10$wPCeSB6krWqHd4ukG92eSeok4Xntasaw/aCOVqIaJq23L7s1.5LbO\', \'2024-11-16 08:30:58\')')
 3 SYSTEMPATH\Database\BaseBuilder.php(2340): CodeIgniter\Database\BaseConnection->query('INSERT INTO `users` (`username`, `email`, `password`, `created_at`) VALUES (:username:, :email:, :password:, :created_at:)', [...], false)
 4 SYSTEMPATH\Model.php(394): CodeIgniter\Database\BaseBuilder->insert()
 5 SYSTEMPATH\BaseModel.php(840): CodeIgniter\Model->doInsert([...])
 6 SYSTEMPATH\Model.php(802): CodeIgniter\BaseModel->insert([...], false)
 7 SYSTEMPATH\BaseModel.php(751): CodeIgniter\Model->insert([...], false)
 8 APPPATH\Controllers\AuthController.php(31): CodeIgniter\BaseModel->save([...])
 9 SYSTEMPATH\CodeIgniter.php(933): App\Controllers\AuthController->storeRegister()
10 SYSTEMPATH\CodeIgniter.php(509): CodeIgniter\CodeIgniter->runController(Object(App\Controllers\AuthController))
11 SYSTEMPATH\CodeIgniter.php(355): CodeIgniter\CodeIgniter->handleRequest(null, Object(Config\Cache), false)
12 SYSTEMPATH\Boot.php(325): CodeIgniter\CodeIgniter->run()
13 SYSTEMPATH\Boot.php(67): CodeIgniter\Boot::runCodeIgniter(Object(CodeIgniter\CodeIgniter))
14 FCPATH\index.php(56): CodeIgniter\Boot::bootWeb(Object(Config\Paths))
15 SYSTEMPATH\rewrite.php(44): require_once('C:\\xampp\\htdocs\\aksesoris\\public\\index.php')
CRITICAL - 2024-11-16 08:30:58 --> [Caused by] mysqli_sql_exception: Table 'aksesoris.users' doesn't exist
in SYSTEMPATH\Database\MySQLi\Connection.php on line 312.
 1 SYSTEMPATH\Database\MySQLi\Connection.php(312): mysqli->query('INSERT INTO `users` (`username`, `email`, `password`, `created_at`) VALUES (\'gina\', \'gina@gmail.com\', \'$2y$10$wPCeSB6krWqHd4ukG92eSeok4Xntasaw/aCOVqIaJq23L7s1.5LbO\', \'2024-11-16 08:30:58\')', 0)
 2 SYSTEMPATH\Database\BaseConnection.php(734): CodeIgniter\Database\MySQLi\Connection->execute('INSERT INTO `users` (`username`, `email`, `password`, `created_at`) VALUES (\'gina\', \'gina@gmail.com\', \'$2y$10$wPCeSB6krWqHd4ukG92eSeok4Xntasaw/aCOVqIaJq23L7s1.5LbO\', \'2024-11-16 08:30:58\')')
 3 SYSTEMPATH\Database\BaseConnection.php(648): CodeIgniter\Database\BaseConnection->simpleQuery('INSERT INTO `users` (`username`, `email`, `password`, `created_at`) VALUES (\'gina\', \'gina@gmail.com\', \'$2y$10$wPCeSB6krWqHd4ukG92eSeok4Xntasaw/aCOVqIaJq23L7s1.5LbO\', \'2024-11-16 08:30:58\')')
 4 SYSTEMPATH\Database\BaseBuilder.php(2340): CodeIgniter\Database\BaseConnection->query('INSERT INTO `users` (`username`, `email`, `password`, `created_at`) VALUES (:username:, :email:, :password:, :created_at:)', [...], false)
 5 SYSTEMPATH\Model.php(394): CodeIgniter\Database\BaseBuilder->insert()
 6 SYSTEMPATH\BaseModel.php(840): CodeIgniter\Model->doInsert([...])
 7 SYSTEMPATH\Model.php(802): CodeIgniter\BaseModel->insert([...], false)
 8 SYSTEMPATH\BaseModel.php(751): CodeIgniter\Model->insert([...], false)
 9 APPPATH\Controllers\AuthController.php(31): CodeIgniter\BaseModel->save([...])
10 SYSTEMPATH\CodeIgniter.php(933): App\Controllers\AuthController->storeRegister()
11 SYSTEMPATH\CodeIgniter.php(509): CodeIgniter\CodeIgniter->runController(Object(App\Controllers\AuthController))
12 SYSTEMPATH\CodeIgniter.php(355): CodeIgniter\CodeIgniter->handleRequest(null, Object(Config\Cache), false)
13 SYSTEMPATH\Boot.php(325): CodeIgniter\CodeIgniter->run()
14 SYSTEMPATH\Boot.php(67): CodeIgniter\Boot::runCodeIgniter(Object(CodeIgniter\CodeIgniter))
15 FCPATH\index.php(56): CodeIgniter\Boot::bootWeb(Object(Config\Paths))
16 SYSTEMPATH\rewrite.php(44): require_once('C:\\xampp\\htdocs\\aksesoris\\public\\index.php')
INFO - 2024-11-16 08:31:33 --> CSRF token verified.
INFO - 2024-11-16 08:31:33 --> Session: Class initialized using 'CodeIgniter\Session\Handlers\FileHandler' driver.
INFO - 2024-11-16 08:31:33 --> Session: Class initialized using 'CodeIgniter\Session\Handlers\FileHandler' driver.
INFO - 2024-11-16 08:31:59 --> CSRF token verified.
INFO - 2024-11-16 08:31:59 --> Session: Class initialized using 'CodeIgniter\Session\Handlers\FileHandler' driver.
INFO - 2024-11-16 08:38:17 --> Session: Class initialized using 'CodeIgniter\Session\Handlers\FileHandler' driver.
INFO - 2024-11-16 08:38:22 --> CSRF token verified.
INFO - 2024-11-16 08:38:22 --> Session: Class initialized using 'CodeIgniter\Session\Handlers\FileHandler' driver.
INFO - 2024-11-16 08:42:09 --> Session: Class initialized using 'CodeIgniter\Session\Handlers\FileHandler' driver.
INFO - 2024-11-16 08:42:14 --> CSRF token verified.
INFO - 2024-11-16 08:42:15 --> Session: Class initialized using 'CodeIgniter\Session\Handlers\FileHandler' driver.
INFO - 2024-11-16 08:42:41 --> Session: Class initialized using 'CodeIgniter\Session\Handlers\FileHandler' driver.
INFO - 2024-11-16 08:42:47 --> CSRF token verified.
INFO - 2024-11-16 08:42:47 --> Session: Class initialized using 'CodeIgniter\Session\Handlers\FileHandler' driver.
INFO - 2024-11-16 08:43:21 --> Session: Class initialized using 'CodeIgniter\Session\Handlers\FileHandler' driver.
INFO - 2024-11-16 08:43:29 --> CSRF token verified.
INFO - 2024-11-16 08:43:29 --> Session: Class initialized using 'CodeIgniter\Session\Handlers\FileHandler' driver.
INFO - 2024-11-16 08:44:49 --> Session: Class initialized using 'CodeIgniter\Session\Handlers\FileHandler' driver.
INFO - 2024-11-16 08:44:54 --> CSRF token verified.
INFO - 2024-11-16 08:44:54 --> Session: Class initialized using 'CodeIgniter\Session\Handlers\FileHandler' driver.
INFO - 2024-11-16 08:50:41 --> Session: Class initialized using 'CodeIgniter\Session\Handlers\FileHandler' driver.
INFO - 2024-11-16 08:50:47 --> CSRF token verified.
INFO - 2024-11-16 08:50:47 --> Session: Class initialized using 'CodeIgniter\Session\Handlers\FileHandler' driver.
INFO - 2024-11-16 08:54:45 --> Session: Class initialized using 'CodeIgniter\Session\Handlers\FileHandler' driver.
INFO - 2024-11-16 08:54:50 --> CSRF token verified.
INFO - 2024-11-16 08:54:50 --> Session: Class initialized using 'CodeIgniter\Session\Handlers\FileHandler' driver.
CRITICAL - 2024-11-16 08:54:51 --> CodeIgniter\View\Exceptions\ViewException: Invalid file: "dashboard/index.php"
[Method: GET, Route: dashboard]
in SYSTEMPATH\Exceptions\FrameworkException.php on line 41.
 1 SYSTEMPATH\View\View.php(222): CodeIgniter\Exceptions\FrameworkException::forInvalidFile('dashboard/index.php')
 2 SYSTEMPATH\Common.php(1171): CodeIgniter\View\View->render('dashboard/index', [], true)
 3 APPPATH\Controllers\DashboardController.php(10): view('dashboard/index', [...])
 4 SYSTEMPATH\CodeIgniter.php(933): App\Controllers\DashboardController->index()
 5 SYSTEMPATH\CodeIgniter.php(509): CodeIgniter\CodeIgniter->runController(Object(App\Controllers\DashboardController))
 6 SYSTEMPATH\CodeIgniter.php(355): CodeIgniter\CodeIgniter->handleRequest(null, Object(Config\Cache), false)
 7 SYSTEMPATH\Boot.php(325): CodeIgniter\CodeIgniter->run()
 8 SYSTEMPATH\Boot.php(67): CodeIgniter\Boot::runCodeIgniter(Object(CodeIgniter\CodeIgniter))
 9 FCPATH\index.php(56): CodeIgniter\Boot::bootWeb(Object(Config\Paths))
10 SYSTEMPATH\rewrite.php(44): require_once('C:\\xampp\\htdocs\\aksesoris\\public\\index.php')
INFO - 2024-11-16 08:58:12 --> Session: Class initialized using 'CodeIgniter\Session\Handlers\FileHandler' driver.
INFO - 2024-11-16 08:58:16 --> CSRF token verified.
INFO - 2024-11-16 08:58:16 --> Session: Class initialized using 'CodeIgniter\Session\Handlers\FileHandler' driver.
INFO - 2024-11-16 08:58:39 --> Session: Class initialized using 'CodeIgniter\Session\Handlers\FileHandler' driver.
INFO - 2024-11-16 08:58:39 --> Session: Class initialized using 'CodeIgniter\Session\Handlers\FileHandler' driver.
INFO - 2024-11-16 08:58:53 --> CSRF token verified.
INFO - 2024-11-16 08:58:53 --> Session: Class initialized using 'CodeIgniter\Session\Handlers\FileHandler' driver.
INFO - 2024-11-16 09:00:35 --> Session: Class initialized using 'CodeIgniter\Session\Handlers\FileHandler' driver.
INFO - 2024-11-16 09:00:36 --> Session: Class initialized using 'CodeIgniter\Session\Handlers\FileHandler' driver.
INFO - 2024-11-16 09:00:46 --> CSRF token verified.
INFO - 2024-11-16 09:00:46 --> Session: Class initialized using 'CodeIgniter\Session\Handlers\FileHandler' driver.
ERROR - 2024-11-16 09:01:11 --> mysqli_sql_exception: Table 'projek.meja' doesn't exist in C:\xampp\htdocs\aksesoris\system\Database\MySQLi\Connection.php:312
Stack trace:
#0 C:\xampp\htdocs\aksesoris\system\Database\MySQLi\Connection.php(312): mysqli->query('SELECT `pesanan...', 0)
#1 C:\xampp\htdocs\aksesoris\system\Database\BaseConnection.php(734): CodeIgniter\Database\MySQLi\Connection->execute('SELECT `pesanan...')
#2 C:\xampp\htdocs\aksesoris\system\Database\BaseConnection.php(648): CodeIgniter\Database\BaseConnection->simpleQuery('SELECT `pesanan...')
#3 C:\xampp\htdocs\aksesoris\system\Database\BaseBuilder.php(1644): CodeIgniter\Database\BaseConnection->query('SELECT `pesanan...', Array, false)
#4 C:\xampp\htdocs\aksesoris\system\Model.php(286): CodeIgniter\Database\BaseBuilder->get()
#5 C:\xampp\htdocs\aksesoris\system\BaseModel.php(676): CodeIgniter\Model->doFindAll(0, 0)
#6 C:\xampp\htdocs\aksesoris\app\Models\pesananModel.php(63): CodeIgniter\BaseModel->findAll()
#7 C:\xampp\htdocs\aksesoris\app\Controllers\PesananController.php(19): App\Models\PesananModel->getAllPesanan()
#8 C:\xampp\htdocs\aksesoris\system\CodeIgniter.php(933): App\Controllers\PesananController->index()
#9 C:\xampp\htdocs\aksesoris\system\CodeIgniter.php(509): CodeIgniter\CodeIgniter->runController(Object(App\Controllers\PesananController))
#10 C:\xampp\htdocs\aksesoris\system\CodeIgniter.php(355): CodeIgniter\CodeIgniter->handleRequest(NULL, Object(Config\Cache), false)
#11 C:\xampp\htdocs\aksesoris\system\Boot.php(325): CodeIgniter\CodeIgniter->run()
#12 C:\xampp\htdocs\aksesoris\system\Boot.php(67): CodeIgniter\Boot::runCodeIgniter(Object(CodeIgniter\CodeIgniter))
#13 C:\xampp\htdocs\aksesoris\public\index.php(56): CodeIgniter\Boot::bootWeb(Object(Config\Paths))
#14 C:\xampp\htdocs\aksesoris\system\rewrite.php(44): require_once('C:\\xampp\\htdocs...')
#15 {main}
CRITICAL - 2024-11-16 09:01:11 --> CodeIgniter\Database\Exceptions\DatabaseException: Table 'projek.meja' doesn't exist
[Method: GET, Route: pesanan]
in SYSTEMPATH\Database\BaseConnection.php on line 688.
 1 SYSTEMPATH\Database\BaseBuilder.php(1644): CodeIgniter\Database\BaseConnection->query('SELECT `pesanan`.`id` as `pesanan_id`, `pesanan`.`waktu_pesanan`, `pesanan`.`total`, `pelanggan`.`nama`, `meja`.`nomor_meja`, `pesanan`.`status`
FROM `pesanan`
JOIN `pelanggan` ON `pelanggan`.`id` = `pesanan`.`pelanggan_id`
JOIN `meja` ON `meja`.`id` = `pesanan`.`meja_id`', [], false)
 2 SYSTEMPATH\Model.php(286): CodeIgniter\Database\BaseBuilder->get()
 3 SYSTEMPATH\BaseModel.php(676): CodeIgniter\Model->doFindAll(0, 0)
 4 APPPATH\Models\pesananModel.php(63): CodeIgniter\BaseModel->findAll()
 5 APPPATH\Controllers\PesananController.php(19): App\Models\PesananModel->getAllPesanan()
 6 SYSTEMPATH\CodeIgniter.php(933): App\Controllers\PesananController->index()
 7 SYSTEMPATH\CodeIgniter.php(509): CodeIgniter\CodeIgniter->runController(Object(App\Controllers\PesananController))
 8 SYSTEMPATH\CodeIgniter.php(355): CodeIgniter\CodeIgniter->handleRequest(null, Object(Config\Cache), false)
 9 SYSTEMPATH\Boot.php(325): CodeIgniter\CodeIgniter->run()
10 SYSTEMPATH\Boot.php(67): CodeIgniter\Boot::runCodeIgniter(Object(CodeIgniter\CodeIgniter))
11 FCPATH\index.php(56): CodeIgniter\Boot::bootWeb(Object(Config\Paths))
12 SYSTEMPATH\rewrite.php(44): require_once('C:\\xampp\\htdocs\\aksesoris\\public\\index.php')
CRITICAL - 2024-11-16 09:01:11 --> [Caused by] CodeIgniter\Database\Exceptions\DatabaseException: Table 'projek.meja' doesn't exist
in SYSTEMPATH\Database\MySQLi\Connection.php on line 317.
 1 SYSTEMPATH\Database\BaseConnection.php(734): CodeIgniter\Database\MySQLi\Connection->execute('SELECT `pesanan`.`id` as `pesanan_id`, `pesanan`.`waktu_pesanan`, `pesanan`.`total`, `pelanggan`.`nama`, `meja`.`nomor_meja`, `pesanan`.`status`
FROM `pesanan`
JOIN `pelanggan` ON `pelanggan`.`id` = `pesanan`.`pelanggan_id`
JOIN `meja` ON `meja`.`id` = `pesanan`.`meja_id`')
 2 SYSTEMPATH\Database\BaseConnection.php(648): CodeIgniter\Database\BaseConnection->simpleQuery('SELECT `pesanan`.`id` as `pesanan_id`, `pesanan`.`waktu_pesanan`, `pesanan`.`total`, `pelanggan`.`nama`, `meja`.`nomor_meja`, `pesanan`.`status`
FROM `pesanan`
JOIN `pelanggan` ON `pelanggan`.`id` = `pesanan`.`pelanggan_id`
JOIN `meja` ON `meja`.`id` = `pesanan`.`meja_id`')
 3 SYSTEMPATH\Database\BaseBuilder.php(1644): CodeIgniter\Database\BaseConnection->query('SELECT `pesanan`.`id` as `pesanan_id`, `pesanan`.`waktu_pesanan`, `pesanan`.`total`, `pelanggan`.`nama`, `meja`.`nomor_meja`, `pesanan`.`status`
FROM `pesanan`
JOIN `pelanggan` ON `pelanggan`.`id` = `pesanan`.`pelanggan_id`
JOIN `meja` ON `meja`.`id` = `pesanan`.`meja_id`', [], false)
 4 SYSTEMPATH\Model.php(286): CodeIgniter\Database\BaseBuilder->get()
 5 SYSTEMPATH\BaseModel.php(676): CodeIgniter\Model->doFindAll(0, 0)
 6 APPPATH\Models\pesananModel.php(63): CodeIgniter\BaseModel->findAll()
 7 APPPATH\Controllers\PesananController.php(19): App\Models\PesananModel->getAllPesanan()
 8 SYSTEMPATH\CodeIgniter.php(933): App\Controllers\PesananController->index()
 9 SYSTEMPATH\CodeIgniter.php(509): CodeIgniter\CodeIgniter->runController(Object(App\Controllers\PesananController))
10 SYSTEMPATH\CodeIgniter.php(355): CodeIgniter\CodeIgniter->handleRequest(null, Object(Config\Cache), false)
11 SYSTEMPATH\Boot.php(325): CodeIgniter\CodeIgniter->run()
12 SYSTEMPATH\Boot.php(67): CodeIgniter\Boot::runCodeIgniter(Object(CodeIgniter\CodeIgniter))
13 FCPATH\index.php(56): CodeIgniter\Boot::bootWeb(Object(Config\Paths))
14 SYSTEMPATH\rewrite.php(44): require_once('C:\\xampp\\htdocs\\aksesoris\\public\\index.php')
CRITICAL - 2024-11-16 09:01:11 --> [Caused by] mysqli_sql_exception: Table 'projek.meja' doesn't exist
in SYSTEMPATH\Database\MySQLi\Connection.php on line 312.
 1 SYSTEMPATH\Database\MySQLi\Connection.php(312): mysqli->query('SELECT `pesanan`.`id` as `pesanan_id`, `pesanan`.`waktu_pesanan`, `pesanan`.`total`, `pelanggan`.`nama`, `meja`.`nomor_meja`, `pesanan`.`status`
FROM `pesanan`
JOIN `pelanggan` ON `pelanggan`.`id` = `pesanan`.`pelanggan_id`
JOIN `meja` ON `meja`.`id` = `pesanan`.`meja_id`', 0)
 2 SYSTEMPATH\Database\BaseConnection.php(734): CodeIgniter\Database\MySQLi\Connection->execute('SELECT `pesanan`.`id` as `pesanan_id`, `pesanan`.`waktu_pesanan`, `pesanan`.`total`, `pelanggan`.`nama`, `meja`.`nomor_meja`, `pesanan`.`status`
FROM `pesanan`
JOIN `pelanggan` ON `pelanggan`.`id` = `pesanan`.`pelanggan_id`
JOIN `meja` ON `meja`.`id` = `pesanan`.`meja_id`')
 3 SYSTEMPATH\Database\BaseConnection.php(648): CodeIgniter\Database\BaseConnection->simpleQuery('SELECT `pesanan`.`id` as `pesanan_id`, `pesanan`.`waktu_pesanan`, `pesanan`.`total`, `pelanggan`.`nama`, `meja`.`nomor_meja`, `pesanan`.`status`
FROM `pesanan`
JOIN `pelanggan` ON `pelanggan`.`id` = `pesanan`.`pelanggan_id`
JOIN `meja` ON `meja`.`id` = `pesanan`.`meja_id`')
 4 SYSTEMPATH\Database\BaseBuilder.php(1644): CodeIgniter\Database\BaseConnection->query('SELECT `pesanan`.`id` as `pesanan_id`, `pesanan`.`waktu_pesanan`, `pesanan`.`total`, `pelanggan`.`nama`, `meja`.`nomor_meja`, `pesanan`.`status`
FROM `pesanan`
JOIN `pelanggan` ON `pelanggan`.`id` = `pesanan`.`pelanggan_id`
JOIN `meja` ON `meja`.`id` = `pesanan`.`meja_id`', [], false)
 5 SYSTEMPATH\Model.php(286): CodeIgniter\Database\BaseBuilder->get()
 6 SYSTEMPATH\BaseModel.php(676): CodeIgniter\Model->doFindAll(0, 0)
 7 APPPATH\Models\pesananModel.php(63): CodeIgniter\BaseModel->findAll()
 8 APPPATH\Controllers\PesananController.php(19): App\Models\PesananModel->getAllPesanan()
 9 SYSTEMPATH\CodeIgniter.php(933): App\Controllers\PesananController->index()
10 SYSTEMPATH\CodeIgniter.php(509): CodeIgniter\CodeIgniter->runController(Object(App\Controllers\PesananController))
11 SYSTEMPATH\CodeIgniter.php(355): CodeIgniter\CodeIgniter->handleRequest(null, Object(Config\Cache), false)
12 SYSTEMPATH\Boot.php(325): CodeIgniter\CodeIgniter->run()
13 SYSTEMPATH\Boot.php(67): CodeIgniter\Boot::runCodeIgniter(Object(CodeIgniter\CodeIgniter))
14 FCPATH\index.php(56): CodeIgniter\Boot::bootWeb(Object(Config\Paths))
15 SYSTEMPATH\rewrite.php(44): require_once('C:\\xampp\\htdocs\\aksesoris\\public\\index.php')
CRITICAL - 2024-11-16 09:01:17 --> ErrorException: Undefined variable $pesanan_id
[Method: GET, Route: pembayaran]
in APPPATH\Views\pembayaran\index.php on line 6.
 1 APPPATH\Views\pembayaran\index.php(6): CodeIgniter\Debug\Exceptions->errorHandler(2, 'Undefined variable $pesanan_id', 'C:\\xampp\\htdocs\\aksesoris\\app\\Views\\pembayaran\\index.php', 6)
 2 SYSTEMPATH\View\View.php(234): include('C:\\xampp\\htdocs\\aksesoris\\app\\Views\\pembayaran\\index.php')
 3 SYSTEMPATH\View\View.php(237): CodeIgniter\View\View->CodeIgniter\View\{closure}()
 4 SYSTEMPATH\Common.php(1171): CodeIgniter\View\View->render('pembayaran/index', [], true)
 5 APPPATH\Controllers\PembayaranController.php(14): view('pembayaran/index', [...])
 6 SYSTEMPATH\CodeIgniter.php(933): App\Controllers\PembayaranController->index()
 7 SYSTEMPATH\CodeIgniter.php(509): CodeIgniter\CodeIgniter->runController(Object(App\Controllers\PembayaranController))
 8 SYSTEMPATH\CodeIgniter.php(355): CodeIgniter\CodeIgniter->handleRequest(null, Object(Config\Cache), false)
 9 SYSTEMPATH\Boot.php(325): CodeIgniter\CodeIgniter->run()
10 SYSTEMPATH\Boot.php(67): CodeIgniter\Boot::runCodeIgniter(Object(CodeIgniter\CodeIgniter))
11 FCPATH\index.php(56): CodeIgniter\Boot::bootWeb(Object(Config\Paths))
12 SYSTEMPATH\rewrite.php(44): require_once('C:\\xampp\\htdocs\\aksesoris\\public\\index.php')
